app/build/outputs/logs/manifest-merger-debug-report.txt
-- Merging decision tree log ---
manifest
ADDED from src\main\AndroidManifest.xml:2:1-94:12
	package
		ADDED from src\main\AndroidManifest.xml:3:5-37
		INJECTED from src\main\AndroidManifest.xml
		INJECTED from src\main\AndroidManifest.xml
	android:versionName
		ADDED from src\main\AndroidManifest.xml:5:5-30
	android:versionCode
		ADDED from src\main\AndroidManifest.xml:4:5-28
		INJECTED from src\main\AndroidManifest.xml
		INJECTED from src\main\AndroidManifest.xml
	xmlns:android
		ADDED from src\main\AndroidManifest.xml:2:11-69
uses-sdk
ADDED from src\main\AndroidManifest.xml:7:5-9:41
	android:targetSdkVersion
		ADDED from src\main\AndroidManifest.xml:9:9-38
		INJECTED from src\main\AndroidManifest.xml
		INJECTED from src\main\AndroidManifest.xml
	android:minSdkVersion
		ADDED from src\main\AndroidManifest.xml:8:9-34
		INJECTED from src\main\AndroidManifest.xml
		INJECTED from src\main\AndroidManifest.xml
uses-permission#android.permission.SEND_SMS
ADDED from src\main\AndroidManifest.xml:11:5-67
	android:name
		ADDED from src\main\AndroidManifest.xml:11:22-64
application
ADDED from src\main\AndroidManifest.xml:13:5-92:19
	android:label
		ADDED from src\main\AndroidManifest.xml:16:9-41
	android:allowBackup
		ADDED from src\main\AndroidManifest.xml:14:9-35
	android:icon
		ADDED from src\main\AndroidManifest.xml:15:9-45
	android:theme
		ADDED from src\main\AndroidManifest.xml:17:9-40
activity#com.example.rememberme.WelcomeScreen
ADDED from src\main\AndroidManifest.xml:18:9-26:20
	android:label
		ADDED from src\main\AndroidManifest.xml:20:13-41
	android:name
		ADDED from src\main\AndroidManifest.xml:19:13-64
intent-filter#android.intent.action.MAIN+android.intent.category.LAUNCHER
ADDED from src\main\AndroidManifest.xml:21:13-25:29
action#android.intent.action.MAIN
ADDED from src\main\AndroidManifest.xml:22:17-69
	android:name
		ADDED from src\main\AndroidManifest.xml:22:25-66
category#android.intent.category.LAUNCHER
ADDED from src\main\AndroidManifest.xml:24:17-77
	android:name
		ADDED from src\main\AndroidManifest.xml:24:27-74
activity#com.example.rememberme.ClassMenu
ADDED from src\main\AndroidManifest.xml:27:9-35:20
	android:label
		ADDED from src\main\AndroidManifest.xml:29:13-33
	android:name
		ADDED from src\main\AndroidManifest.xml:28:13-60
intent-filter#android.intent.category.DEFAULT+com.example.rememberme.CLASSMENU
ADDED from src\main\AndroidManifest.xml:30:13-34:29
action#com.example.rememberme.CLASSMENU
ADDED from src\main\AndroidManifest.xml:31:17-75
	android:name
		ADDED from src\main\AndroidManifest.xml:31:25-72
category#android.intent.category.DEFAULT
ADDED from src\main\AndroidManifest.xml:33:17-76
	android:name
		ADDED from src\main\AndroidManifest.xml:33:27-73
activity#com.example.rememberme.AddInfo
ADDED from src\main\AndroidManifest.xml:36:9-44:20
	android:label
		ADDED from src\main\AndroidManifest.xml:38:13-41
	android:name
		ADDED from src\main\AndroidManifest.xml:37:13-58
intent-filter#android.intent.category.DEFAULT+com.example.rememberme.ADDINFO
ADDED from src\main\AndroidManifest.xml:39:13-43:29
action#com.example.rememberme.ADDINFO
ADDED from src\main\AndroidManifest.xml:40:17-73
	android:name
		ADDED from src\main\AndroidManifest.xml:40:25-70
activity#com.example.rememberme.Viewfriends
ADDED from src\main\AndroidManifest.xml:45:9-53:20
	android:label
		ADDED from src\main\AndroidManifest.xml:47:13-40
	android:name
		ADDED from src\main\AndroidManifest.xml:46:13-62
intent-filter#android.intent.category.DEFAULT+com.example.rememberme.VIEWFRIENDS
ADDED from src\main\AndroidManifest.xml:48:13-52:29
action#com.example.rememberme.VIEWFRIENDS
ADDED from src\main\AndroidManifest.xml:49:17-77
	android:name
		ADDED from src\main\AndroidManifest.xml:49:25-74
activity#com.example.rememberme.SmsSender
ADDED from src\main\AndroidManifest.xml:54:9-62:20
	android:label
		ADDED from src\main\AndroidManifest.xml:56:13-45
	android:name
		ADDED from src\main\AndroidManifest.xml:55:13-60
intent-filter#android.intent.category.DEFAULT+com.example.rememberme.SMSSENDER
ADDED from src\main\AndroidManifest.xml:57:13-61:29
action#com.example.rememberme.SMSSENDER
ADDED from src\main\AndroidManifest.xml:58:17-75
	android:name
		ADDED from src\main\AndroidManifest.xml:58:25-72
activity#com.example.rememberme.SetReminder
ADDED from src\main\AndroidManifest.xml:63:9-71:20
	android:label
		ADDED from src\main\AndroidManifest.xml:65:13-45
	android:name
		ADDED from src\main\AndroidManifest.xml:64:13-62
intent-filter#android.intent.category.DEFAULT+com.example.rememberme.SETREMINDER
ADDED from src\main\AndroidManifest.xml:66:13-70:29
action#com.example.rememberme.SETREMINDER
ADDED from src\main\AndroidManifest.xml:67:17-77
	android:name
		ADDED from src\main\AndroidManifest.xml:67:25-74
activity#com.example.rememberme.CallandSms
ADDED from src\main\AndroidManifest.xml:72:9-81:20
	android:label
		ADDED from src\main\AndroidManifest.xml:74:13-45
	android:theme
		ADDED from src\main\AndroidManifest.xml:75:13-56
	android:name
		ADDED from src\main\AndroidManifest.xml:73:13-61
intent-filter#android.intent.category.DEFAULT+com.example.rememberme.CALLANDSMS
ADDED from src\main\AndroidManifest.xml:76:13-80:29
action#com.example.rememberme.CALLANDSMS
ADDED from src\main\AndroidManifest.xml:77:17-76
	android:name
		ADDED from src\main\AndroidManifest.xml:77:25-73
activity#com.example.rememberme.Viewfriendlist
ADDED from src\main\AndroidManifest.xml:83:17-86:20
	android:label
		ADDED from src\main\AndroidManifest.xml:85:13-42
	android:name
		ADDED from src\main\AndroidManifest.xml:84:13-65
activity#com.example.rememberme.FriendViewerActivity
ADDED from src\main\AndroidManifest.xml:87:9-91:20
	android:label
		ADDED from src\main\AndroidManifest.xml:89:13-42
	android:theme
		ADDED from src\main\AndroidManifest.xml:90:13-56
	android:name
		ADDED from src\main\AndroidManifest.xml:88:13-71